Logging started at Sat Apr  5 01:35:22 2025
[20250405_013522.439718][DBG ][void stt::v2::googlecloud::TextFromVoice::Handler::Filesystem::createdirectory()] Created directory: 'audio'
[20250405_013522.460949][INFO][stt::v2::googlecloud::TextFromVoice::Handler::Google::Google(const stt::v2::googlecloud::TextFromVoice::Handler*, const std::filesystem::__cxx11::path&, stt::v2::googlecloud::recognizer_t, stt::language)] Created v2::gcloud stt [langcode/langid]: pl-PL/0
[20250405_013522.461075][DBG ][stt::transcript_t stt::v2::googlecloud::TextFromVoice::Handler::listen()] Recording voice by: sox --no-show-progress --type alsa default --rate 16k --channels 1 audio/recording.wav silence -l 1 1 2.0% 1 1.0t 1.0% pad 0.3 0.2
[20250405_013528.120191][DBG ][void stt::v2::googlecloud::TextFromVoice::Handler::Google::uploadaudio(const std::filesystem::__cxx11::path&)] Uploaded audio to stt engine: audio/recording.wav
[20250405_013528.969208][DBG ][std::optional<std::pair<std::__cxx11::basic_string<char>, unsigned int> > stt::v2::googlecloud::TextFromVoice::Handler::Google::gettranscript()] Received results: 1
[20250405_013528.969419][DBG ][std::optional<std::pair<std::__cxx11::basic_string<char>, unsigned int> > stt::v2::googlecloud::TextFromVoice::Handler::Google::gettranscript()] Received alternatives: 1
[20250405_013528.969538][DBG ][std::optional<std::pair<std::__cxx11::basic_string<char>, unsigned int> > stt::v2::googlecloud::TextFromVoice::Handler::Google::gettranscript()] Returning transcript [text/confid]: 'Cześć Oglądałeś wczoraj w telewizji mecz o 20'/0.934335
[20250405_013528.969755][DBG ][stt::transcript_t stt::v2::googlecloud::TextFromVoice::Handler::listen(stt::language)] Recording voice by: sox --no-show-progress --type alsa default --rate 16k --channels 1 audio/recording.wav silence -l 1 1 2.0% 1 1.0t 1.0% pad 0.3 0.2
[20250405_013535.147794][DBG ][void stt::v2::googlecloud::TextFromVoice::Handler::Google::uploadaudio(const std::filesystem::__cxx11::path&)] Uploaded audio to stt engine: audio/recording.wav
[20250405_013536.439121][DBG ][std::optional<std::pair<std::__cxx11::basic_string<char>, unsigned int> > stt::v2::googlecloud::TextFromVoice::Handler::Google::gettranscript()] Received results: 1
[20250405_013536.439335][DBG ][std::optional<std::pair<std::__cxx11::basic_string<char>, unsigned int> > stt::v2::googlecloud::TextFromVoice::Handler::Google::gettranscript()] Received alternatives: 1
[20250405_013536.439408][DBG ][std::optional<std::pair<std::__cxx11::basic_string<char>, unsigned int> > stt::v2::googlecloud::TextFromVoice::Handler::Google::gettranscript()] Returning transcript [text/confid]: 'yeah it was quite interesting but unfortunately I slept while watching it'/0.982026
[20250405_013536.439519][DBG ][std::optional<std::pair<std::__cxx11::basic_string<char>, unsigned int> > stt::v2::googlecloud::TextFromVoice::Handler::Google::gettranscript(stt::language)] Speech detected for en-US/1
[20250405_013536.439608][DBG ][stt::transcript_t stt::v2::googlecloud::TextFromVoice::Handler::listen()] Recording voice by: sox --no-show-progress --type alsa default --rate 16k --channels 1 audio/recording.wav silence -l 1 1 2.0% 1 1.0t 1.0% pad 0.3 0.2
[20250405_013552.187707][DBG ][void stt::v2::googlecloud::TextFromVoice::Handler::Google::uploadaudio(const std::filesystem::__cxx11::path&)] Uploaded audio to stt engine: audio/recording.wav
[20250405_013553.065623][DBG ][std::optional<std::pair<std::__cxx11::basic_string<char>, unsigned int> > stt::v2::googlecloud::TextFromVoice::Handler::Google::gettranscript()] Received results: 1
[20250405_013553.065839][DBG ][std::optional<std::pair<std::__cxx11::basic_string<char>, unsigned int> > stt::v2::googlecloud::TextFromVoice::Handler::Google::gettranscript()] Received alternatives: 1
[20250405_013553.065939][DBG ][std::optional<std::pair<std::__cxx11::basic_string<char>, unsigned int> > stt::v2::googlecloud::TextFromVoice::Handler::Google::gettranscript()] Returning transcript [text/confid]: 'rozumiem cię bracie ale nie martw się będzie z tego powtórka'/0.939331
[20250405_013553.066107][INFO][stt::v2::googlecloud::TextFromVoice::Handler::Google::~Google()] Released v2::gcloud stt [langcode/langid]: pl-PL/0
[20250405_013553.067472][DBG ][void stt::v2::googlecloud::TextFromVoice::Handler::Filesystem::removedirectory() const] Removed directory: 'audio'
