Logging started at Sat Apr  5 01:26:15 2025
[20250405_012615.266523][DBG ][void stt::v1::googlecloud::TextFromVoice::Handler::Filesystem::createdirectory()] Created directory: 'audio'
[20250405_012615.285533][INFO][stt::v1::googlecloud::TextFromVoice::Handler::Google::Google(const stt::v1::googlecloud::TextFromVoice::Handler*, const std::filesystem::__cxx11::path&, stt::language)] Created v1::gcloud stt [langcode/langid]: pl-PL/0
[20250405_012615.285640][DBG ][stt::transcript_t stt::v1::googlecloud::TextFromVoice::Handler::listen()] Recording voice by: sox --no-show-progress --type alsa default --rate 16k --channels 1 audio/recording.wav silence -l 1 1 2.0% 1 1.5t 1.0% pad 0.3 0.2
[20250405_012621.709294][DBG ][void stt::v1::googlecloud::TextFromVoice::Handler::Google::uploadaudio(const std::filesystem::__cxx11::path&)] Uploaded audio to stt engine: audio/recording.wav
[20250405_012622.473430][DBG ][std::optional<std::pair<std::__cxx11::basic_string<char>, unsigned int> > stt::v1::googlecloud::TextFromVoice::Handler::Google::gettranscript()] Received results: 1
[20250405_012622.473515][DBG ][std::optional<std::pair<std::__cxx11::basic_string<char>, unsigned int> > stt::v1::googlecloud::TextFromVoice::Handler::Google::gettranscript()] Received alternatives: 1
[20250405_012622.473572][DBG ][std::optional<std::pair<std::__cxx11::basic_string<char>, unsigned int> > stt::v1::googlecloud::TextFromVoice::Handler::Google::gettranscript()] Returning transcript [text/confid]: 'Cześć jak się dzisiaj czujesz'/0.939331
[20250405_012622.473648][DBG ][stt::transcript_t stt::v1::googlecloud::TextFromVoice::Handler::listen(stt::language)] Recording voice by: sox --no-show-progress --type alsa default --rate 16k --channels 1 audio/recording.wav silence -l 1 1 2.0% 1 1.5t 1.0% pad 0.3 0.2
[20250405_012628.558516][DBG ][void stt::v1::googlecloud::TextFromVoice::Handler::Google::uploadaudio(const std::filesystem::__cxx11::path&)] Uploaded audio to stt engine: audio/recording.wav
[20250405_012629.470964][DBG ][std::optional<std::pair<std::__cxx11::basic_string<char>, unsigned int> > stt::v1::googlecloud::TextFromVoice::Handler::Google::gettranscript()] Received results: 1
[20250405_012629.471044][DBG ][std::optional<std::pair<std::__cxx11::basic_string<char>, unsigned int> > stt::v1::googlecloud::TextFromVoice::Handler::Google::gettranscript()] Received alternatives: 1
[20250405_012629.471089][DBG ][std::optional<std::pair<std::__cxx11::basic_string<char>, unsigned int> > stt::v1::googlecloud::TextFromVoice::Handler::Google::gettranscript()] Returning transcript [text/confid]: 'actually I'm not feeling well today'/0.971372
[20250405_012629.471130][DBG ][std::optional<std::pair<std::__cxx11::basic_string<char>, unsigned int> > stt::v1::googlecloud::TextFromVoice::Handler::Google::gettranscript(stt::language)] Speech detected for en-US/1
[20250405_012629.471179][DBG ][stt::transcript_t stt::v1::googlecloud::TextFromVoice::Handler::listen()] Recording voice by: sox --no-show-progress --type alsa default --rate 16k --channels 1 audio/recording.wav silence -l 1 1 2.0% 1 1.5t 1.0% pad 0.3 0.2
[20250405_012636.081421][DBG ][void stt::v1::googlecloud::TextFromVoice::Handler::Google::uploadaudio(const std::filesystem::__cxx11::path&)] Uploaded audio to stt engine: audio/recording.wav
[20250405_012636.899929][DBG ][std::optional<std::pair<std::__cxx11::basic_string<char>, unsigned int> > stt::v1::googlecloud::TextFromVoice::Handler::Google::gettranscript()] Received results: 1
[20250405_012636.900014][DBG ][std::optional<std::pair<std::__cxx11::basic_string<char>, unsigned int> > stt::v1::googlecloud::TextFromVoice::Handler::Google::gettranscript()] Received alternatives: 1
[20250405_012636.900062][DBG ][std::optional<std::pair<std::__cxx11::basic_string<char>, unsigned int> > stt::v1::googlecloud::TextFromVoice::Handler::Google::gettranscript()] Returning transcript [text/confid]: 'Przykro mi stary Mam nadzieję że będzie jutro lepiej'/0.939331
[20250405_012636.900117][INFO][stt::v1::googlecloud::TextFromVoice::Handler::Google::~Google()] Released v1::gcloud stt [langcode/langid]: pl-PL/0
[20250405_012636.900675][DBG ][void stt::v1::googlecloud::TextFromVoice::Handler::Filesystem::removedirectory() const] Removed directory: 'audio'
